# JRE version: Java(TM) SE Runtime Environment (8.0_101-b13) (build 1.8.0_101-b13)
# Java VM: Java HotSpot(TM) 64-Bit Server VM (25.101-b13 mixed mode bsd-amd64 compressed oops)
Heap:
 PSYoungGen      total 20480K, used 3983K [0x00000007aab00000, 0x00000007ad000000, 0x00000007c0000000)
  eden space 16384K, 1% used [0x00000007aab00000,0x00000007aab4f168,0x00000007abb00000)
  from space 4096K, 89% used [0x00000007abb00000,0x00000007abe94c60,0x00000007abf00000)
  to   space 10752K, 0% used [0x00000007ac580000,0x00000007ac580000,0x00000007ad000000)
 ParOldGen       total 44032K, used 12561K [0x0000000780000000, 0x0000000782b00000, 0x00000007aab00000)
  object space 44032K, 28% used [0x0000000780000000,0x0000000780c44698,0x0000000782b00000)
 Metaspace       used 12661K, capacity 12888K, committed 13056K, reserved 1060864K
  class space    used 1646K, capacity 1733K, committed 1792K, reserved 1048576K
GC Heap History (10 events):
Event: 15323.377 GC heap before
{Heap before GC invocations=5 (full 0):
 PSYoungGen      total 18944K, used 17648K [0x00000007aab00000, 0x00000007ac000000, 0x00000007c0000000)
  eden space 16384K, 100% used [0x00000007aab00000,0x00000007abb00000,0x00000007abb00000)
  from space 2560K, 49% used [0x00000007abd80000,0x00000007abebc010,0x00000007ac000000)
  to   space 2560K, 0% used [0x00000007abb00000,0x00000007abb00000,0x00000007abd80000)
 ParOldGen       total 44032K, used 11350K [0x0000000780000000, 0x0000000782b00000, 0x00000007aab00000)
  object space 44032K, 25% used [0x0000000780000000,0x0000000780b15840,0x0000000782b00000)
 Metaspace       used 12634K, capacity 12824K, committed 13056K, reserved 1060864K
  class space    used 1644K, capacity 1733K, committed 1792K, reserved 1048576K
Event: 15323.423 GC heap after
Heap after GC invocations=5 (full 0):
 PSYoungGen      total 18944K, used 1232K [0x00000007aab00000, 0x00000007ad500000, 0x00000007c0000000)
  eden space 16384K, 0% used [0x00000007aab00000,0x00000007aab00000,0x00000007abb00000)
  from space 2560K, 48% used [0x00000007abb00000,0x00000007abc34010,0x00000007abd80000)
  to   space 13312K, 0% used [0x00000007ac800000,0x00000007ac800000,0x00000007ad500000)
 ParOldGen       total 44032K, used 11350K [0x0000000780000000, 0x0000000782b00000, 0x00000007aab00000)
  object space 44032K, 25% used [0x0000000780000000,0x0000000780b15840,0x0000000782b00000)
 Metaspace       used 12634K, capacity 12824K, committed 13056K, reserved 1060864K
  class space    used 1644K, capacity 1733K, committed 1792K, reserved 1048576K
}
Event: 19343.491 GC heap before
{Heap before GC invocations=6 (full 0):
 PSYoungGen      total 18944K, used 17616K [0x00000007aab00000, 0x00000007ad500000, 0x00000007c0000000)
  eden space 16384K, 100% used [0x00000007aab00000,0x00000007abb00000,0x00000007abb00000)
  from space 2560K, 48% used [0x00000007abb00000,0x00000007abc34010,0x00000007abd80000)
  to   space 13312K, 0% used [0x00000007ac800000,0x00000007ac800000,0x00000007ad500000)
 ParOldGen       total 44032K, used 11350K [0x0000000780000000, 0x0000000782b00000, 0x00000007aab00000)
  object space 44032K, 25% used [0x0000000780000000,0x0000000780b15840,0x0000000782b00000)
 Metaspace       used 12634K, capacity 12824K, committed 13056K, reserved 1060864K
  class space    used 1644K, capacity 1733K, committed 1792K, reserved 1048576K
Event: 19343.509 GC heap after
Heap after GC invocations=6 (full 0):
 PSYoungGen      total 27648K, used 1248K [0x00000007aab00000, 0x00000007ad300000, 0x00000007c0000000)
  eden space 16384K, 0% used [0x00000007aab00000,0x00000007aab00000,0x00000007abb00000)
  from space 11264K, 11% used [0x00000007ac800000,0x00000007ac938000,0x00000007ad300000)
  to   space 12288K, 0% used [0x00000007abb00000,0x00000007abb00000,0x00000007ac700000)
 ParOldGen       total 44032K, used 11350K [0x0000000780000000, 0x0000000782b00000, 0x00000007aab00000)
  object space 44032K, 25% used [0x0000000780000000,0x0000000780b15840,0x0000000782b00000)
 Metaspace       used 12634K, capacity 12824K, committed 13056K, reserved 1060864K
  class space    used 1644K, capacity 1733K, committed 1792K, reserved 1048576K
}
Event: 23352.682 GC heap before
{Heap before GC invocations=7 (full 0):
 PSYoungGen      total 27648K, used 17632K [0x00000007aab00000, 0x00000007ad300000, 0x00000007c0000000)
  eden space 16384K, 100% used [0x00000007aab00000,0x00000007abb00000,0x00000007abb00000)
  from space 11264K, 11% used [0x00000007ac800000,0x00000007ac938000,0x00000007ad300000)
  to   space 12288K, 0% used [0x00000007abb00000,0x00000007abb00000,0x00000007ac700000)
 ParOldGen       total 44032K, used 11350K [0x0000000780000000, 0x0000000782b00000, 0x00000007aab00000)
  object space 44032K, 25% used [0x0000000780000000,0x0000000780b15840,0x0000000782b00000)
 Metaspace       used 12634K, capacity 12824K, committed 13056K, reserved 1060864K
  class space    used 1644K, capacity 1733K, committed 1792K, reserved 1048576K
Event: 23352.698 GC heap after
Heap after GC invocations=7 (full 0):
 PSYoungGen      total 16896K, used 64K [0x00000007aab00000, 0x00000007ad200000, 0x00000007c0000000)
  eden space 16384K, 0% used [0x00000007aab00000,0x00000007aab00000,0x00000007abb00000)
  from space 512K, 12% used [0x00000007abb00000,0x00000007abb10000,0x00000007abb80000)
  to   space 11776K, 0% used [0x00000007ac680000,0x00000007ac680000,0x00000007ad200000)
 ParOldGen       total 44032K, used 12545K [0x0000000780000000, 0x0000000782b00000, 0x00000007aab00000)
  object space 44032K, 28% used [0x0000000780000000,0x0000000780c40698,0x0000000782b00000)
 Metaspace       used 12634K, capacity 12824K, committed 13056K, reserved 1060864K
  class space    used 1644K, capacity 1733K, committed 1792K, reserved 1048576K
}
Event: 27378.087 GC heap before
{Heap before GC invocations=8 (full 0):
 PSYoungGen      total 16896K, used 16448K [0x00000007aab00000, 0x00000007ad200000, 0x00000007c0000000)
  eden space 16384K, 100% used [0x00000007aab00000,0x00000007abb00000,0x00000007abb00000)
  from space 512K, 12% used [0x00000007abb00000,0x00000007abb10000,0x00000007abb80000)
  to   space 11776K, 0% used [0x00000007ac680000,0x00000007ac680000,0x00000007ad200000)
 ParOldGen       total 44032K, used 12545K [0x0000000780000000, 0x0000000782b00000, 0x00000007aab00000)
  object space 44032K, 28% used [0x0000000780000000,0x0000000780c40698,0x0000000782b00000)
 Metaspace       used 12634K, capacity 12824K, committed 13056K, reserved 1060864K
  class space    used 1644K, capacity 1733K, committed 1792K, reserved 1048576K
Event: 27378.098 GC heap after
Heap after GC invocations=8 (full 0):
 PSYoungGen      total 28160K, used 64K [0x00000007aab00000, 0x00000007ad200000, 0x00000007c0000000)
  eden space 16384K, 0% used [0x00000007aab00000,0x00000007aab00000,0x00000007abb00000)
  from space 11776K, 0% used [0x00000007ac680000,0x00000007ac690000,0x00000007ad200000)
  to   space 11776K, 0% used [0x00000007abb00000,0x00000007abb00000,0x00000007ac680000)
 ParOldGen       total 44032K, used 12553K [0x0000000780000000, 0x0000000782b00000, 0x00000007aab00000)
  object space 44032K, 28% used [0x0000000780000000,0x0000000780c42698,0x0000000782b00000)
 Metaspace       used 12634K, capacity 12824K, committed 13056K, reserved 1060864K
  class space    used 1644K, capacity 1733K, committed 1792K, reserved 1048576K
}
Event: 31037.379 GC heap before
{Heap before GC invocations=9 (full 0):
 PSYoungGen      total 28160K, used 16448K [0x00000007aab00000, 0x00000007ad200000, 0x00000007c0000000)
  eden space 16384K, 100% used [0x00000007aab00000,0x00000007abb00000,0x00000007abb00000)
  from space 11776K, 0% used [0x00000007ac680000,0x00000007ac690000,0x00000007ad200000)
  to   space 11776K, 0% used [0x00000007abb00000,0x00000007abb00000,0x00000007ac680000)
 ParOldGen       total 44032K, used 12553K [0x0000000780000000, 0x0000000782b00000, 0x00000007aab00000)
  object space 44032K, 28% used [0x0000000780000000,0x0000000780c42698,0x0000000782b00000)
 Metaspace       used 12661K, capacity 12888K, committed 13056K, reserved 1060864K
  class space    used 1646K, capacity 1733K, committed 1792K, reserved 1048576K
Event: 31037.423 GC heap after
Heap after GC invocations=9 (full 0):
 PSYoungGen      total 20480K, used 3667K [0x00000007aab00000, 0x00000007ad000000, 0x00000007c0000000)
  eden space 16384K, 0% used [0x00000007aab00000,0x00000007aab00000,0x00000007abb00000)
  from space 4096K, 89% used [0x00000007abb00000,0x00000007abe94c60,0x00000007abf00000)
  to   space 10752K, 0% used [0x00000007ac580000,0x00000007ac580000,0x00000007ad000000)
 ParOldGen       total 44032K, used 12561K [0x0000000780000000, 0x0000000782b00000, 0x00000007aab00000)
  object space 44032K, 28% used [0x0000000780000000,0x0000000780c44698,0x0000000782b00000)
 Metaspace       used 12661K, capacity 12888K, committed 13056K, reserved 1060864K
  class space    used 1646K, capacity 1733K, committed 1792K, reserved 1048576K
}

